{"/Users/peter/Projects/tuts/job-search/src/components/MainNav.vue": {"path":"/Users/peter/Projects/tuts/job-search/src/components/MainNav.vue","statementMap":{"0":{"start":{"line":4,"column":0},"end":{"line":6,"column":3}},"1":{"start":{"line":7,"column":0},"end":{"line":7,"column":25}},"2":{"start":{"line":8,"column":15},"end":{"line":17,"column":1}},"3":{"start":{"line":11,"column":4},"end":{"line":15,"column":6}},"4":{"start":{"line":20,"column":0},"end":{"line":20,"column":13}},"5":{"start":{"line":22,"column":0},"end":{"line":24,"column":3}},"6":{"start":{"line":25,"column":0},"end":{"line":25,"column":24}},"7":{"start":{"line":26,"column":11},"end":{"line":26,"column":25}},"8":{"start":{"line":27,"column":19},"end":{"line":29,"column":1}},"9":{"start":{"line":30,"column":19},"end":{"line":32,"column":1}},"10":{"start":{"line":33,"column":19},"end":{"line":35,"column":1}},"11":{"start":{"line":36,"column":19},"end":{"line":36,"column":27}},"12":{"start":{"line":37,"column":19},"end":{"line":39,"column":1}},"13":{"start":{"line":40,"column":19},"end":{"line":42,"column":1}},"14":{"start":{"line":43,"column":19},"end":{"line":46,"column":1}},"15":{"start":{"line":48,"column":2},"end":{"line":57,"column":43}},"16":{"start":{"line":52,"column":4},"end":{"line":56,"column":107}},"17":{"start":{"line":58,"column":2},"end":{"line":58,"column":49}}},"fnMap":{"0":{"name":"(anonymous_0)","decl":{"start":{"line":10,"column":2},"end":{"line":10,"column":3}},"loc":{"start":{"line":10,"column":9},"end":{"line":16,"column":3}},"line":10},"1":{"name":"render","decl":{"start":{"line":47,"column":9},"end":{"line":47,"column":15}},"loc":{"start":{"line":47,"column":30},"end":{"line":58,"column":1}},"line":47},"2":{"name":"(anonymous_2)","decl":{"start":{"line":51,"column":292},"end":{"line":51,"column":293}},"loc":{"start":{"line":51,"column":304},"end":{"line":57,"column":3}},"line":51}},"branchMap":{},"s":{"0":1,"1":1,"2":1,"3":2,"4":1,"5":1,"6":1,"7":1,"8":1,"9":1,"10":1,"11":1,"12":1,"13":1,"14":1,"15":2,"16":12,"17":1},"f":{"0":2,"1":2,"2":12},"b":{},"inputSourceMap":{"0":"{","1":"\"","2":"v","3":"e","4":"r","5":"s","6":"i","7":"o","8":"n","9":"\"","10":":","11":"3","12":",","13":"\"","14":"s","15":"o","16":"u","17":"r","18":"c","19":"e","20":"s","21":"\"","22":":","23":"[","24":"\"","25":"/","26":"U","27":"s","28":"e","29":"r","30":"s","31":"/","32":"p","33":"e","34":"t","35":"e","36":"r","37":"/","38":"P","39":"r","40":"o","41":"j","42":"e","43":"c","44":"t","45":"s","46":"/","47":"t","48":"u","49":"t","50":"s","51":"/","52":"j","53":"o","54":"b","55":"-","56":"s","57":"e","58":"a","59":"r","60":"c","61":"h","62":"/","63":"s","64":"r","65":"c","66":"/","67":"c","68":"o","69":"m","70":"p","71":"o","72":"n","73":"e","74":"n","75":"t","76":"s","77":"/","78":"M","79":"a","80":"i","81":"n","82":"N","83":"a","84":"v","85":".","86":"v","87":"u","88":"e","89":"\"","90":"]","91":",","92":"\"","93":"n","94":"a","95":"m","96":"e","97":"s","98":"\"","99":":","100":"[","101":"]","102":",","103":"\"","104":"m","105":"a","106":"p","107":"p","108":"i","109":"n","110":"g","111":"s","112":"\"","113":":","114":"\"","115":";","116":";","117":";","118":";","119":";","120":";","121":";","122":"e","123":"A","124":"8","125":"B","126":"e","127":";","128":"E","129":"A","130":"C","131":"b","132":",","133":"I","134":"A","135":"A","136":"I","137":",","138":"E","139":"A","140":"A","141":"E","142":",","143":"S","144":"A","145":"A","146":"S","147":";","148":"E","149":"A","150":"C","151":"f","152":",","153":"I","154":"A","155":"A","156":"I","157":",","158":"G","159":"A","160":"A","161":"G","162":";","163":"I","164":"A","165":"C","166":"L","167":",","168":"O","169":"A","170":"A","171":"O","172":";","173":"M","174":"A","175":"C","176":"L","177":",","178":"O","179":"A","180":"A","181":"O","182":",","183":"E","184":"A","185":"A","186":"E","187":",","188":"c","189":"A","190":"A","191":"c","192":";","193":"M","194":"A","195":"C","196":"v","197":"B","198":",","199":"G","200":"A","201":"A","202":"G","203":",","204":"E","205":"A","206":"A","207":"E","208":",","209":"4","210":"B","211":"A","212":"A","213":"4","214":"B","215":";","216":"M","217":"A","218":"C","219":"j","220":"C","221":",","222":"S","223":"A","224":"A","225":"S","226":",","227":"E","228":"A","229":"A","230":"E","231":",","232":"C","233":"A","234":"C","235":"T","236":",","237":"O","238":"A","239":"A","240":"O","241":",","242":"E","243":"A","244":"C","245":"P","246":",","247":"W","248":"A","249":"A","250":"W","251":",","252":"E","253":"A","254":"C","255":"X","256":",","257":"c","258":"A","259":"A","260":"c","261":",","262":"E","263":"A","264":"C","265":"d","266":",","267":"a","268":"A","269":"A","270":"a","271":",","272":"E","273":"A","274":"C","275":"b","276":",","277":"U","278":"A","279":"A","280":"U","281":",","282":"E","283":"A","284":"C","285":"V","286":",","287":"M","288":"A","289":"A","290":"M","291":";","292":"I","293":"A","294":"E","295":"V","296":",","297":"C","298":"A","299":"A","300":"C","301":";","302":"E","303":"A","304":"C","305":"H","306":";","307":"A","308":"A","309":"C","310":"F","311":",","312":"C","313":"A","314":"A","315":"C","316":";","317":"A","318":"A","319":"A","320":"A","321":";","322":"A","323":"A","324":"A","325":"A","326":"\"","327":",","328":"\"","329":"f","330":"i","331":"l","332":"e","333":"\"","334":":","335":"\"","336":"/","337":"U","338":"s","339":"e","340":"r","341":"s","342":"/","343":"p","344":"e","345":"t","346":"e","347":"r","348":"/","349":"P","350":"r","351":"o","352":"j","353":"e","354":"c","355":"t","356":"s","357":"/","358":"t","359":"u","360":"t","361":"s","362":"/","363":"j","364":"o","365":"b","366":"-","367":"s","368":"e","369":"a","370":"r","371":"c","372":"h","373":"/","374":"s","375":"r","376":"c","377":"/","378":"c","379":"o","380":"m","381":"p","382":"o","383":"n","384":"e","385":"n","386":"t","387":"s","388":"/","389":"M","390":"a","391":"i","392":"n","393":"N","394":"a","395":"v","396":".","397":"v","398":"u","399":"e","400":"\"","401":",","402":"\"","403":"s","404":"o","405":"u","406":"r","407":"c","408":"e","409":"s","410":"C","411":"o","412":"n","413":"t","414":"e","415":"n","416":"t","417":"\"","418":":","419":"[","420":"\"","421":"<","422":"t","423":"e","424":"m","425":"p","426":"l","427":"a","428":"t","429":"e","430":">","431":"\\","432":"n","433":" ","434":" ","435":"<","436":"h","437":"e","438":"a","439":"d","440":"e","441":"r","442":" ","443":"c","444":"l","445":"a","446":"s","447":"s","448":"=","449":"\\","450":"\"","451":"w","452":"-","453":"f","454":"u","455":"l","456":"l","457":" ","458":"t","459":"e","460":"x","461":"t","462":"-","463":"s","464":"m","465":"\\","466":"\"","467":">","468":"\\","469":"n","470":" ","471":" ","472":" ","473":" ","474":"<","475":"d","476":"i","477":"v","478":" ","479":"c","480":"l","481":"a","482":"s","483":"s","484":"=","485":"\\","486":"\"","487":"f","488":"i","489":"x","490":"e","491":"d","492":" ","493":"t","494":"o","495":"p","496":"-","497":"0","498":" ","499":"l","500":"e","501":"f","502":"t","503":"-","504":"0","505":" ","506":"w","507":"-","508":"f","509":"u","510":"l","511":"l","512":" ","513":"h","514":"-","515":"1","516":"6","517":" ","518":"b","519":"g","520":"-","521":"w","522":"h","523":"i","524":"t","525":"e","526":"\\","527":"\"","528":">","529":"\\","530":"n","531":" ","532":" ","533":" ","534":" ","535":" ","536":" ","537":"<","538":"d","539":"i","540":"v","541":"\\","542":"n","543":" ","544":" ","545":" ","546":" ","547":" ","548":" ","549":" ","550":" ","551":"c","552":"l","553":"a","554":"s","555":"s","556":"=","557":"\\","558":"\"","559":"f","560":"l","561":"e","562":"x","563":" ","564":"h","565":"-","566":"f","567":"u","568":"l","569":"l","570":" ","571":"p","572":"x","573":"-","574":"8","575":" ","576":"m","577":"x","578":"-","579":"a","580":"u","581":"t","582":"o","583":" ","584":"b","585":"o","586":"r","587":"d","588":"e","589":"r","590":"-","591":"b","592":" ","593":"b","594":"o","595":"r","596":"d","597":"e","598":"r","599":"-","600":"s","601":"o","602":"l","603":"i","604":"d","605":" ","606":"f","607":"l","608":"e","609":"x","610":"-","611":"n","612":"o","613":"w","614":"r","615":"a","616":"p","617":" ","618":"b","619":"o","620":"r","621":"d","622":"e","623":"r","624":"-","625":"b","626":"r","627":"a","628":"n","629":"d","630":"-","631":"g","632":"r","633":"a","634":"y","635":"-","636":"1","637":"\\","638":"\"","639":"\\","640":"n","641":" ","642":" ","643":" ","644":" ","645":" ","646":" ","647":">","648":"\\","649":"n","650":" ","651":" ","652":" ","653":" ","654":" ","655":" ","656":" ","657":" ","658":"<","659":"a","660":" ","661":":","662":"h","663":"r","664":"e","665":"f","666":"=","667":"\\","668":"\"","669":"u","670":"r","671":"l","672":"\\","673":"\"","674":" ","675":"c","676":"l","677":"a","678":"s","679":"s","680":"=","681":"\\","682":"\"","683":"f","684":"l","685":"e","686":"x","687":" ","688":"i","689":"t","690":"e","691":"m","692":"s","693":"-","694":"c","695":"e","696":"n","697":"t","698":"e","699":"r","700":" ","701":"h","702":"-","703":"f","704":"u","705":"l","706":"l","707":" ","708":"t","709":"e","710":"x","711":"t","712":"-","713":"x","714":"l","715":"\\","716":"\"","717":">","718":"{","719":"{","720":"\\","721":"n","722":" ","723":" ","724":" ","725":" ","726":" ","727":" ","728":" ","729":" ","730":" ","731":" ","732":"c","733":"o","734":"m","735":"p","736":"a","737":"n","738":"y","739":"\\","740":"n","741":" ","742":" ","743":" ","744":" ","745":" ","746":" ","747":" ","748":" ","749":"}","750":"}","751":"<","752":"/","753":"a","754":">","755":"\\","756":"n","757":"\\","758":"n","759":" ","760":" ","761":" ","762":" ","763":" ","764":" ","765":" ","766":" ","767":"<","768":"n","769":"a","770":"v","771":" ","772":"c","773":"l","774":"a","775":"s","776":"s","777":"=","778":"\\","779":"\"","780":"h","781":"-","782":"f","783":"u","784":"l","785":"l","786":" ","787":"m","788":"l","789":"-","790":"1","791":"2","792":"\\","793":"\"","794":">","795":"\\","796":"n","797":" ","798":" ","799":" ","800":" ","801":" ","802":" ","803":" ","804":" ","805":" ","806":" ","807":"<","808":"u","809":"l","810":" ","811":"c","812":"l","813":"a","814":"s","815":"s","816":"=","817":"\\","818":"\"","819":"f","820":"l","821":"e","822":"x","823":" ","824":"h","825":"-","826":"f","827":"u","828":"l","829":"l","830":" ","831":"p","832":"-","833":"0","834":" ","835":"m","836":"-","837":"0","838":" ","839":"l","840":"i","841":"s","842":"t","843":"-","844":"n","845":"o","846":"n","847":"e","848":"\\","849":"\"","850":">","851":"\\","852":"n","853":" ","854":" ","855":" ","856":" ","857":" ","858":" ","859":" ","860":" ","861":" ","862":" ","863":" ","864":" ","865":"<","866":"l","867":"i","868":"\\","869":"n","870":" ","871":" ","872":" ","873":" ","874":" ","875":" ","876":" ","877":" ","878":" ","879":" ","880":" ","881":" ","882":" ","883":" ","884":"v","885":"-","886":"f","887":"o","888":"r","889":"=","890":"\\","891":"\"","892":"m","893":"e","894":"n","895":"u","896":"I","897":"t","898":"e","899":"m","900":" ","901":"i","902":"n","903":" ","904":"m","905":"e","906":"n","907":"u","908":"I","909":"t","910":"e","911":"m","912":"s","913":"\\","914":"\"","915":"\\","916":"n","917":" ","918":" ","919":" ","920":" ","921":" ","922":" ","923":" ","924":" ","925":" ","926":" ","927":" ","928":" ","929":" ","930":" ","931":":","932":"k","933":"e","934":"y","935":"=","936":"\\","937":"\"","938":"m","939":"e","940":"n","941":"u","942":"I","943":"t","944":"e","945":"m","946":"\\","947":"\"","948":"\\","949":"n","950":" ","951":" ","952":" ","953":" ","954":" ","955":" ","956":" ","957":" ","958":" ","959":" ","960":" ","961":" ","962":" ","963":" ","964":"c","965":"l","966":"a","967":"s","968":"s","969":"=","970":"\\","971":"\"","972":"h","973":"-","974":"f","975":"u","976":"l","977":"l","978":" ","979":"m","980":"l","981":"-","982":"9","983":" ","984":"f","985":"i","986":"r","987":"s","988":"t","989":":","990":"m","991":"l","992":"-","993":"0","994":"\\","995":"\"","996":"\\","997":"n","998":" ","999":" ","1000":" ","1001":" ","1002":" ","1003":" ","1004":" ","1005":" ","1006":" ","1007":" ","1008":" ","1009":" ","1010":" ","1011":" ","1012":"d","1013":"a","1014":"t","1015":"a","1016":"-","1017":"t","1018":"e","1019":"s","1020":"t","1021":"=","1022":"\\","1023":"\"","1024":"m","1025":"a","1026":"i","1027":"n","1028":"-","1029":"n","1030":"a","1031":"v","1032":"-","1033":"l","1034":"i","1035":"s","1036":"t","1037":"-","1038":"i","1039":"t","1040":"e","1041":"m","1042":"\\","1043":"\"","1044":"\\","1045":"n","1046":" ","1047":" ","1048":" ","1049":" ","1050":" ","1051":" ","1052":" ","1053":" ","1054":" ","1055":" ","1056":" ","1057":" ","1058":">","1059":"\\","1060":"n","1061":" ","1062":" ","1063":" ","1064":" ","1065":" ","1066":" ","1067":" ","1068":" ","1069":" ","1070":" ","1071":" ","1072":" ","1073":" ","1074":" ","1075":"<","1076":"a","1077":" ","1078":"h","1079":"r","1080":"e","1081":"f","1082":"=","1083":"\\","1084":"\"","1085":"\\","1086":"\"","1087":" ","1088":"c","1089":"l","1090":"a","1091":"s","1092":"s","1093":"=","1094":"\\","1095":"\"","1096":"f","1097":"l","1098":"e","1099":"x","1100":" ","1101":"i","1102":"t","1103":"e","1104":"m","1105":"s","1106":"-","1107":"c","1108":"e","1109":"n","1110":"t","1111":"e","1112":"r","1113":" ","1114":"h","1115":"-","1116":"f","1117":"u","1118":"l","1119":"l","1120":" ","1121":"p","1122":"y","1123":"-","1124":"2","1125":".","1126":"5","1127":"\\","1128":"\"","1129":">","1130":"{","1131":"{","1132":"\\","1133":"n","1134":" ","1135":" ","1136":" ","1137":" ","1138":" ","1139":" ","1140":" ","1141":" ","1142":" ","1143":" ","1144":" ","1145":" ","1146":" ","1147":" ","1148":" ","1149":" ","1150":"m","1151":"e","1152":"n","1153":"u","1154":"I","1155":"t","1156":"e","1157":"m","1158":"\\","1159":"n","1160":" ","1161":" ","1162":" ","1163":" ","1164":" ","1165":" ","1166":" ","1167":" ","1168":" ","1169":" ","1170":" ","1171":" ","1172":" ","1173":" ","1174":"}","1175":"}","1176":"<","1177":"/","1178":"a","1179":">","1180":"\\","1181":"n","1182":" ","1183":" ","1184":" ","1185":" ","1186":" ","1187":" ","1188":" ","1189":" ","1190":" ","1191":" ","1192":" ","1193":" ","1194":"<","1195":"/","1196":"l","1197":"i","1198":">","1199":"\\","1200":"n","1201":" ","1202":" ","1203":" ","1204":" ","1205":" ","1206":" ","1207":" ","1208":" ","1209":" ","1210":" ","1211":"<","1212":"/","1213":"u","1214":"l","1215":">","1216":"\\","1217":"n","1218":" ","1219":" ","1220":" ","1221":" ","1222":" ","1223":" ","1224":" ","1225":" ","1226":"<","1227":"/","1228":"n","1229":"a","1230":"v","1231":">","1232":"\\","1233":"n","1234":" ","1235":" ","1236":" ","1237":" ","1238":" ","1239":" ","1240":"<","1241":"/","1242":"d","1243":"i","1244":"v","1245":">","1246":"\\","1247":"n","1248":" ","1249":" ","1250":" ","1251":" ","1252":"<","1253":"/","1254":"d","1255":"i","1256":"v","1257":">","1258":"\\","1259":"n","1260":" ","1261":" ","1262":"<","1263":"/","1264":"h","1265":"e","1266":"a","1267":"d","1268":"e","1269":"r","1270":">","1271":"\\","1272":"n","1273":"<","1274":"/","1275":"t","1276":"e","1277":"m","1278":"p","1279":"l","1280":"a","1281":"t","1282":"e","1283":">","1284":"\\","1285":"n","1286":"\\","1287":"n","1288":"<","1289":"s","1290":"c","1291":"r","1292":"i","1293":"p","1294":"t","1295":">","1296":"\\","1297":"n","1298":"e","1299":"x","1300":"p","1301":"o","1302":"r","1303":"t","1304":" ","1305":"d","1306":"e","1307":"f","1308":"a","1309":"u","1310":"l","1311":"t","1312":" ","1313":"{","1314":"\\","1315":"n","1316":" ","1317":" ","1318":"n","1319":"a","1320":"m","1321":"e","1322":":","1323":" ","1324":"\\","1325":"\"","1326":"M","1327":"a","1328":"i","1329":"n","1330":"N","1331":"a","1332":"v","1333":"\\","1334":"\"","1335":",","1336":"\\","1337":"n","1338":" ","1339":" ","1340":"d","1341":"a","1342":"t","1343":"a","1344":"(","1345":")","1346":" ","1347":"{","1348":"\\","1349":"n","1350":" ","1351":" ","1352":" ","1353":" ","1354":"r","1355":"e","1356":"t","1357":"u","1358":"r","1359":"n","1360":" ","1361":"{","1362":"\\","1363":"n","1364":" ","1365":" ","1366":" ","1367":" ","1368":" ","1369":" ","1370":"c","1371":"o","1372":"m","1373":"p","1374":"a","1375":"n","1376":"y","1377":":","1378":" ","1379":"\\","1380":"\"","1381":"B","1382":"o","1383":"b","1384":"o","1385":" ","1386":"C","1387":"a","1388":"r","1389":"e","1390":"e","1391":"r","1392":"s","1393":"\\","1394":"\"","1395":",","1396":"\\","1397":"n","1398":" ","1399":" ","1400":" ","1401":" ","1402":" ","1403":" ","1404":"u","1405":"r","1406":"l","1407":":","1408":" ","1409":"\\","1410":"\"","1411":"h","1412":"t","1413":"t","1414":"p","1415":"s","1416":":","1417":"/","1418":"/","1419":"c","1420":"a","1421":"r","1422":"e","1423":"e","1424":"r","1425":"s","1426":".","1427":"g","1428":"o","1429":"o","1430":"g","1431":"l","1432":"e","1433":".","1434":"c","1435":"o","1436":"m","1437":"\\","1438":"\"","1439":",","1440":"\\","1441":"n","1442":" ","1443":" ","1444":" ","1445":" ","1446":" ","1447":" ","1448":"m","1449":"e","1450":"n","1451":"u","1452":"I","1453":"t","1454":"e","1455":"m","1456":"s","1457":":","1458":" ","1459":"[","1460":"\\","1461":"n","1462":" ","1463":" ","1464":" ","1465":" ","1466":" ","1467":" ","1468":" ","1469":" ","1470":"\\","1471":"\"","1472":"T","1473":"e","1474":"a","1475":"m","1476":"s","1477":"\\","1478":"\"","1479":",","1480":"\\","1481":"n","1482":" ","1483":" ","1484":" ","1485":" ","1486":" ","1487":" ","1488":" ","1489":" ","1490":"\\","1491":"\"","1492":"L","1493":"o","1494":"c","1495":"a","1496":"t","1497":"i","1498":"o","1499":"n","1500":"s","1501":"\\","1502":"\"","1503":",","1504":"\\","1505":"n","1506":" ","1507":" ","1508":" ","1509":" ","1510":" ","1511":" ","1512":" ","1513":" ","1514":"\\","1515":"\"","1516":"L","1517":"i","1518":"f","1519":"e","1520":" ","1521":"a","1522":"t","1523":" ","1524":"B","1525":"o","1526":"b","1527":"o","1528":"\\","1529":"\"","1530":",","1531":"\\","1532":"n","1533":" ","1534":" ","1535":" ","1536":" ","1537":" ","1538":" ","1539":" ","1540":" ","1541":"\\","1542":"\"","1543":"H","1544":"o","1545":"w","1546":" ","1547":"w","1548":"e","1549":" ","1550":"h","1551":"i","1552":"r","1553":"e","1554":"\\","1555":"\"","1556":",","1557":"\\","1558":"n","1559":" ","1560":" ","1561":" ","1562":" ","1563":" ","1564":" ","1565":" ","1566":" ","1567":"\\","1568":"\"","1569":"S","1570":"t","1571":"u","1572":"d","1573":"e","1574":"n","1575":"t","1576":"s","1577":"\\","1578":"\"","1579":",","1580":"\\","1581":"n","1582":" ","1583":" ","1584":" ","1585":" ","1586":" ","1587":" ","1588":" ","1589":" ","1590":"\\","1591":"\"","1592":"J","1593":"o","1594":"b","1595":"s","1596":"\\","1597":"\"","1598":",","1599":"\\","1600":"n","1601":" ","1602":" ","1603":" ","1604":" ","1605":" ","1606":" ","1607":"]","1608":",","1609":"\\","1610":"n","1611":" ","1612":" ","1613":" ","1614":" ","1615":"}","1616":";","1617":"\\","1618":"n","1619":" ","1620":" ","1621":"}","1622":",","1623":"\\","1624":"n","1625":"}","1626":";","1627":"\\","1628":"n","1629":"<","1630":"/","1631":"s","1632":"c","1633":"r","1634":"i","1635":"p","1636":"t","1637":">","1638":"\\","1639":"n","1640":"\"","1641":"]","1642":"}"},"_coverageSchema":"1a1c01bbd47fc00a2c39e90264f33305004495a9","hash":"4224106c94e4dbe94a585fc3ac7d58bd4c6eae99"}
}
