{"/Users/peter/Projects/tuts/job-search/src/components/ActionButton.vue": {"path":"/Users/peter/Projects/tuts/job-search/src/components/ActionButton.vue","statementMap":{"0":{"start":{"line":4,"column":0},"end":{"line":6,"column":3}},"1":{"start":{"line":7,"column":0},"end":{"line":7,"column":25}},"2":{"start":{"line":8,"column":15},"end":{"line":10,"column":1}},"3":{"start":{"line":13,"column":0},"end":{"line":13,"column":13}},"4":{"start":{"line":15,"column":0},"end":{"line":17,"column":3}},"5":{"start":{"line":18,"column":0},"end":{"line":18,"column":24}},"6":{"start":{"line":19,"column":11},"end":{"line":19,"column":25}},"7":{"start":{"line":20,"column":19},"end":{"line":22,"column":1}},"8":{"start":{"line":24,"column":2},"end":{"line":24,"column":96}},"9":{"start":{"line":25,"column":2},"end":{"line":25,"column":49}}},"fnMap":{"0":{"name":"render","decl":{"start":{"line":23,"column":9},"end":{"line":23,"column":15}},"loc":{"start":{"line":23,"column":30},"end":{"line":25,"column":1}},"line":23}},"branchMap":{},"s":{"0":1,"1":1,"2":1,"3":1,"4":1,"5":1,"6":1,"7":1,"8":3,"9":1},"f":{"0":3},"b":{},"inputSourceMap":{"0":"{","1":"\"","2":"v","3":"e","4":"r","5":"s","6":"i","7":"o","8":"n","9":"\"","10":":","11":"3","12":",","13":"\"","14":"s","15":"o","16":"u","17":"r","18":"c","19":"e","20":"s","21":"\"","22":":","23":"[","24":"\"","25":"/","26":"U","27":"s","28":"e","29":"r","30":"s","31":"/","32":"p","33":"e","34":"t","35":"e","36":"r","37":"/","38":"P","39":"r","40":"o","41":"j","42":"e","43":"c","44":"t","45":"s","46":"/","47":"t","48":"u","49":"t","50":"s","51":"/","52":"j","53":"o","54":"b","55":"-","56":"s","57":"e","58":"a","59":"r","60":"c","61":"h","62":"/","63":"s","64":"r","65":"c","66":"/","67":"c","68":"o","69":"m","70":"p","71":"o","72":"n","73":"e","74":"n","75":"t","76":"s","77":"/","78":"A","79":"c","80":"t","81":"i","82":"o","83":"n","84":"B","85":"u","86":"t","87":"t","88":"o","89":"n","90":".","91":"v","92":"u","93":"e","94":"\"","95":"]","96":",","97":"\"","98":"n","99":"a","100":"m","101":"e","102":"s","103":"\"","104":":","105":"[","106":"]","107":",","108":"\"","109":"m","110":"a","111":"p","112":"p","113":"i","114":"n","115":"g","116":"s","117":"\"","118":":","119":"\"","120":";","121":";","122":";","123":";","124":";","125":";","126":";","127":"e","128":"A","129":"S","130":"e","131":";","132":"E","133":"A","134":"C","135":"b","136":",","137":"I","138":"A","139":"A","140":"I","141":",","142":"E","143":"A","144":"A","145":"E","146":";","147":"A","148":"A","149":"C","150":"R","151":",","152":"C","153":"A","154":"A","155":"C","156":";","157":"A","158":"A","159":"A","160":"A","161":";","162":"A","163":"A","164":"A","165":"A","166":"\"","167":",","168":"\"","169":"f","170":"i","171":"l","172":"e","173":"\"","174":":","175":"\"","176":"/","177":"U","178":"s","179":"e","180":"r","181":"s","182":"/","183":"p","184":"e","185":"t","186":"e","187":"r","188":"/","189":"P","190":"r","191":"o","192":"j","193":"e","194":"c","195":"t","196":"s","197":"/","198":"t","199":"u","200":"t","201":"s","202":"/","203":"j","204":"o","205":"b","206":"-","207":"s","208":"e","209":"a","210":"r","211":"c","212":"h","213":"/","214":"s","215":"r","216":"c","217":"/","218":"c","219":"o","220":"m","221":"p","222":"o","223":"n","224":"e","225":"n","226":"t","227":"s","228":"/","229":"A","230":"c","231":"t","232":"i","233":"o","234":"n","235":"B","236":"u","237":"t","238":"t","239":"o","240":"n","241":".","242":"v","243":"u","244":"e","245":"\"","246":",","247":"\"","248":"s","249":"o","250":"u","251":"r","252":"c","253":"e","254":"s","255":"C","256":"o","257":"n","258":"t","259":"e","260":"n","261":"t","262":"\"","263":":","264":"[","265":"\"","266":"<","267":"t","268":"e","269":"m","270":"p","271":"l","272":"a","273":"t","274":"e","275":">","276":"\\","277":"n","278":" ","279":" ","280":"<","281":"b","282":"u","283":"t","284":"t","285":"o","286":"n","287":"\\","288":"n","289":" ","290":" ","291":" ","292":" ","293":"c","294":"l","295":"a","296":"s","297":"s","298":"=","299":"\\","300":"\"","301":"p","302":"x","303":"-","304":"5","305":" ","306":"p","307":"y","308":"-","309":"3","310":" ","311":"f","312":"o","313":"n","314":"t","315":"-","316":"m","317":"e","318":"d","319":"i","320":"u","321":"m","322":" ","323":"t","324":"e","325":"x","326":"t","327":"-","328":"w","329":"h","330":"i","331":"t","332":"e","333":" ","334":"b","335":"o","336":"r","337":"d","338":"e","339":"r","340":"-","341":"0","342":" ","343":"r","344":"o","345":"u","346":"n","347":"d","348":"e","349":"d","350":" ","351":"b","352":"g","353":"-","354":"b","355":"r","356":"a","357":"n","358":"d","359":"-","360":"b","361":"l","362":"u","363":"e","364":"-","365":"1","366":" ","367":"h","368":"o","369":"v","370":"e","371":"r","372":":","373":"s","374":"h","375":"a","376":"d","377":"o","378":"w","379":"-","380":"b","381":"l","382":"u","383":"e","384":"\\","385":"\"","386":"\\","387":"n","388":" ","389":" ","390":">","391":"\\","392":"n","393":" ","394":" ","395":" ","396":" ","397":"S","398":"i","399":"g","400":"n","401":" ","402":"I","403":"n","404":"\\","405":"n","406":" ","407":" ","408":"<","409":"/","410":"b","411":"u","412":"t","413":"t","414":"o","415":"n","416":">","417":"\\","418":"n","419":"<","420":"/","421":"t","422":"e","423":"m","424":"p","425":"l","426":"a","427":"t","428":"e","429":">","430":"\\","431":"n","432":"\\","433":"n","434":"<","435":"s","436":"c","437":"r","438":"i","439":"p","440":"t","441":">","442":"\\","443":"n","444":"e","445":"x","446":"p","447":"o","448":"r","449":"t","450":" ","451":"d","452":"e","453":"f","454":"a","455":"u","456":"l","457":"t","458":" ","459":"{","460":"\\","461":"n","462":" ","463":" ","464":"n","465":"a","466":"m","467":"e","468":":","469":" ","470":"\\","471":"\"","472":"A","473":"c","474":"t","475":"i","476":"o","477":"n","478":"B","479":"u","480":"t","481":"t","482":"o","483":"n","484":"\\","485":"\"","486":",","487":"\\","488":"n","489":"}","490":";","491":"\\","492":"n","493":"<","494":"/","495":"s","496":"c","497":"r","498":"i","499":"p","500":"t","501":">","502":"\\","503":"n","504":"\"","505":"]","506":"}"},"_coverageSchema":"1a1c01bbd47fc00a2c39e90264f33305004495a9","hash":"b3ffc42319104f8f75f934d3194f11ee62daf219"}
,"/Users/peter/Projects/tuts/job-search/src/components/MainNav.vue": {"path":"/Users/peter/Projects/tuts/job-search/src/components/MainNav.vue","statementMap":{"0":{"start":{"line":4,"column":29},"end":{"line":4,"column":146}},"1":{"start":{"line":5,"column":0},"end":{"line":7,"column":3}},"2":{"start":{"line":8,"column":0},"end":{"line":8,"column":25}},"3":{"start":{"line":41,"column":0},"end":{"line":41,"column":13}},"4":{"start":{"line":43,"column":0},"end":{"line":45,"column":3}},"5":{"start":{"line":46,"column":0},"end":{"line":46,"column":24}},"6":{"start":{"line":47,"column":11},"end":{"line":47,"column":25}},"7":{"start":{"line":48,"column":19},"end":{"line":50,"column":1}},"8":{"start":{"line":51,"column":19},"end":{"line":53,"column":1}},"9":{"start":{"line":54,"column":19},"end":{"line":56,"column":1}},"10":{"start":{"line":57,"column":19},"end":{"line":57,"column":27}},"11":{"start":{"line":58,"column":19},"end":{"line":60,"column":1}},"12":{"start":{"line":61,"column":19},"end":{"line":63,"column":1}},"13":{"start":{"line":64,"column":19},"end":{"line":67,"column":1}},"14":{"start":{"line":68,"column":19},"end":{"line":70,"column":1}},"15":{"start":{"line":72,"column":34},"end":{"line":72,"column":76}},"16":{"start":{"line":73,"column":34},"end":{"line":73,"column":76}},"17":{"start":{"line":74,"column":2},"end":{"line":89,"column":14}},"18":{"start":{"line":78,"column":4},"end":{"line":82,"column":107}},"19":{"start":{"line":90,"column":2},"end":{"line":90,"column":49}}},"fnMap":{"0":{"name":"render","decl":{"start":{"line":71,"column":9},"end":{"line":71,"column":15}},"loc":{"start":{"line":71,"column":30},"end":{"line":90,"column":1}},"line":71},"1":{"name":"(anonymous_1)","decl":{"start":{"line":77,"column":292},"end":{"line":77,"column":293}},"loc":{"start":{"line":77,"column":304},"end":{"line":83,"column":3}},"line":77}},"branchMap":{"0":{"loc":{"start":{"line":83,"column":87},"end":{"line":89,"column":5}},"type":"cond-expr","locations":[{"start":{"line":83,"column":106},"end":{"line":86,"column":4}},{"start":{"line":86,"column":9},"end":{"line":89,"column":4}}],"line":83}},"s":{"0":1,"1":1,"2":1,"3":1,"4":1,"5":1,"6":1,"7":1,"8":1,"9":1,"10":1,"11":1,"12":1,"13":1,"14":1,"15":4,"16":4,"17":4,"18":24,"19":1},"f":{"0":4,"1":24},"b":{"0":[1,3]},"inputSourceMap":{"0":"{","1":"\"","2":"v","3":"e","4":"r","5":"s","6":"i","7":"o","8":"n","9":"\"","10":":","11":"3","12":",","13":"\"","14":"s","15":"o","16":"u","17":"r","18":"c","19":"e","20":"s","21":"\"","22":":","23":"[","24":"\"","25":"/","26":"U","27":"s","28":"e","29":"r","30":"s","31":"/","32":"p","33":"e","34":"t","35":"e","36":"r","37":"/","38":"P","39":"r","40":"o","41":"j","42":"e","43":"c","44":"t","45":"s","46":"/","47":"t","48":"u","49":"t","50":"s","51":"/","52":"j","53":"o","54":"b","55":"-","56":"s","57":"e","58":"a","59":"r","60":"c","61":"h","62":"/","63":"s","64":"r","65":"c","66":"/","67":"c","68":"o","69":"m","70":"p","71":"o","72":"n","73":"e","74":"n","75":"t","76":"s","77":"/","78":"M","79":"a","80":"i","81":"n","82":"N","83":"a","84":"v","85":".","86":"v","87":"u","88":"e","89":"\"","90":"]","91":",","92":"\"","93":"n","94":"a","95":"m","96":"e","97":"s","98":"\"","99":":","100":"[","101":"]","102":",","103":"\"","104":"m","105":"a","106":"p","107":"p","108":"i","109":"n","110":"g","111":"s","112":"\"","113":":","114":"\"","115":";","116":";","117":";","118":";","119":";","120":";","121":";","122":";","123":"A","124":"A","125":"k","126":"C","127":"A","128":";","129":"A","130":"A","131":"A","132":"A","133":";","134":"A","135":"A","136":"A","137":"A","138":";","139":"A","140":"A","141":"C","142":"A","143":";","144":"A","145":"A","146":"A","147":"A","148":";","149":"A","150":"A","151":"A","152":"A","153":";","154":"A","155":"A","156":"A","157":"y","158":"D","159":";","160":"A","161":"A","162":"A","163":"A","164":",","165":"e","166":"A","167":"E","168":"1","169":"C","170":";","171":"E","172":"A","173":"C","174":"b","175":",","176":"I","177":"A","178":"A","179":"I","180":",","181":"E","182":"A","183":"A","184":"E","185":",","186":"S","187":"A","188":"A","189":"S","190":";","191":"E","192":"A","193":"C","194":"f","195":",","196":"U","197":"A","198":"A","199":"U","200":",","201":"E","202":"A","203":"A","204":"E","205":";","206":"I","207":"A","208":"C","209":"V","210":",","211":"Y","212":"A","213":"A","214":"Y","215":";","216":"I","217":"A","218":"A","219":"Z","220":";","221":"I","222":"A","223":"A","224":"A","225":";","226":"I","227":"A","228":"A","229":"A","230":";","231":"I","232":"A","233":"A","234":"A","235":",","236":"O","237":"A","238":"A","239":"Y","240":";","241":"I","242":"A","243":"C","244":"Z","245":",","246":"Y","247":"A","248":"A","249":"Y","250":";","251":"I","252":"A","253":"A","254":"Z","255":";","256":"I","257":"A","258":"A","259":"A","260":";","261":"I","262":"A","263":"A","264":"A","265":";","266":"I","267":"A","268":"A","269":"A","270":";","271":"E","272":"A","273":"C","274":"F","275":",","276":"C","277":"A","278":"A","279":"C","280":";","281":"E","282":"A","283":"C","284":"D","285":",","286":"I","287":"A","288":"A","289":"I","290":",","291":"G","292":"A","293":"A","294":"G","295":";","296":"I","297":"A","298":"C","299":"L","300":",","301":"O","302":"A","303":"A","304":"O","305":";","306":"M","307":"A","308":"C","309":"L","310":",","311":"O","312":"A","313":"A","314":"O","315":",","316":"E","317":"A","318":"A","319":"E","320":",","321":"c","322":"A","323":"A","324":"c","325":";","326":"M","327":"A","328":"C","329":"v","330":"B","331":",","332":"G","333":"A","334":"A","335":"G","336":",","337":"E","338":"A","339":"A","340":"E","341":",","342":"4","343":"B","344":"A","345":"A","346":"4","347":"B","348":";","349":"M","350":"A","351":"C","352":"j","353":"C","354":",","355":"S","356":"A","357":"A","358":"S","359":",","360":"E","361":"A","362":"A","363":"E","364":",","365":"C","366":"A","367":"C","368":"T","369":",","370":"O","371":"A","372":"A","373":"O","374":",","375":"E","376":"A","377":"C","378":"P","379":",","380":"W","381":"A","382":"A","383":"W","384":",","385":"E","386":"A","387":"C","388":"X","389":",","390":"c","391":"A","392":"A","393":"c","394":",","395":"E","396":"A","397":"C","398":"d","399":",","400":"a","401":"A","402":"A","403":"a","404":",","405":"E","406":"A","407":"C","408":"b","409":",","410":"U","411":"A","412":"A","413":"U","414":",","415":"E","416":"A","417":"C","418":"V","419":",","420":"M","421":"A","422":"A","423":"M","424":",","425":"C","426":"A","427":"C","428":"P","429":";","430":"M","431":"A","432":"C","433":"D","434":",","435":"U","436":"A","437":"A","438":"U","439":",","440":"E","441":"A","442":"A","443":"E","444":";","445":"I","446":"A","447":"C","448":"d","449":",","450":"C","451":"A","452":"A","453":"C","454":";","455":"E","456":"A","457":"C","458":"H","459":";","460":"A","461":"A","462":"C","463":"F","464":",","465":"C","466":"A","467":"A","468":"C","469":";","470":"A","471":"A","472":"A","473":"A","474":";","475":"A","476":"A","477":"A","478":"A","479":"\"","480":",","481":"\"","482":"f","483":"i","484":"l","485":"e","486":"\"","487":":","488":"\"","489":"/","490":"U","491":"s","492":"e","493":"r","494":"s","495":"/","496":"p","497":"e","498":"t","499":"e","500":"r","501":"/","502":"P","503":"r","504":"o","505":"j","506":"e","507":"c","508":"t","509":"s","510":"/","511":"t","512":"u","513":"t","514":"s","515":"/","516":"j","517":"o","518":"b","519":"-","520":"s","521":"e","522":"a","523":"r","524":"c","525":"h","526":"/","527":"s","528":"r","529":"c","530":"/","531":"c","532":"o","533":"m","534":"p","535":"o","536":"n","537":"e","538":"n","539":"t","540":"s","541":"/","542":"M","543":"a","544":"i","545":"n","546":"N","547":"a","548":"v","549":".","550":"v","551":"u","552":"e","553":"\"","554":",","555":"\"","556":"s","557":"o","558":"u","559":"r","560":"c","561":"e","562":"s","563":"C","564":"o","565":"n","566":"t","567":"e","568":"n","569":"t","570":"\"","571":":","572":"[","573":"\"","574":"<","575":"t","576":"e","577":"m","578":"p","579":"l","580":"a","581":"t","582":"e","583":">","584":"\\","585":"n","586":" ","587":" ","588":"<","589":"h","590":"e","591":"a","592":"d","593":"e","594":"r","595":" ","596":"c","597":"l","598":"a","599":"s","600":"s","601":"=","602":"\\","603":"\"","604":"w","605":"-","606":"f","607":"u","608":"l","609":"l","610":" ","611":"t","612":"e","613":"x","614":"t","615":"-","616":"s","617":"m","618":"\\","619":"\"","620":">","621":"\\","622":"n","623":" ","624":" ","625":" ","626":" ","627":"<","628":"d","629":"i","630":"v","631":" ","632":"c","633":"l","634":"a","635":"s","636":"s","637":"=","638":"\\","639":"\"","640":"f","641":"i","642":"x","643":"e","644":"d","645":" ","646":"t","647":"o","648":"p","649":"-","650":"0","651":" ","652":"l","653":"e","654":"f","655":"t","656":"-","657":"0","658":" ","659":"w","660":"-","661":"f","662":"u","663":"l","664":"l","665":" ","666":"h","667":"-","668":"1","669":"6","670":" ","671":"b","672":"g","673":"-","674":"w","675":"h","676":"i","677":"t","678":"e","679":"\\","680":"\"","681":">","682":"\\","683":"n","684":" ","685":" ","686":" ","687":" ","688":" ","689":" ","690":"<","691":"d","692":"i","693":"v","694":"\\","695":"n","696":" ","697":" ","698":" ","699":" ","700":" ","701":" ","702":" ","703":" ","704":"c","705":"l","706":"a","707":"s","708":"s","709":"=","710":"\\","711":"\"","712":"f","713":"l","714":"e","715":"x","716":" ","717":"h","718":"-","719":"f","720":"u","721":"l","722":"l","723":" ","724":"p","725":"x","726":"-","727":"8","728":" ","729":"m","730":"x","731":"-","732":"a","733":"u","734":"t","735":"o","736":" ","737":"b","738":"o","739":"r","740":"d","741":"e","742":"r","743":"-","744":"b","745":" ","746":"b","747":"o","748":"r","749":"d","750":"e","751":"r","752":"-","753":"s","754":"o","755":"l","756":"i","757":"d","758":" ","759":"f","760":"l","761":"e","762":"x","763":"-","764":"n","765":"o","766":"w","767":"r","768":"a","769":"p","770":" ","771":"b","772":"o","773":"r","774":"d","775":"e","776":"r","777":"-","778":"b","779":"r","780":"a","781":"n","782":"d","783":"-","784":"g","785":"r","786":"a","787":"y","788":"-","789":"1","790":"\\","791":"\"","792":"\\","793":"n","794":" ","795":" ","796":" ","797":" ","798":" ","799":" ","800":">","801":"\\","802":"n","803":" ","804":" ","805":" ","806":" ","807":" ","808":" ","809":" ","810":" ","811":"<","812":"a","813":" ","814":":","815":"h","816":"r","817":"e","818":"f","819":"=","820":"\\","821":"\"","822":"u","823":"r","824":"l","825":"\\","826":"\"","827":" ","828":"c","829":"l","830":"a","831":"s","832":"s","833":"=","834":"\\","835":"\"","836":"f","837":"l","838":"e","839":"x","840":" ","841":"i","842":"t","843":"e","844":"m","845":"s","846":"-","847":"c","848":"e","849":"n","850":"t","851":"e","852":"r","853":" ","854":"h","855":"-","856":"f","857":"u","858":"l","859":"l","860":" ","861":"t","862":"e","863":"x","864":"t","865":"-","866":"x","867":"l","868":"\\","869":"\"","870":">","871":"{","872":"{","873":"\\","874":"n","875":" ","876":" ","877":" ","878":" ","879":" ","880":" ","881":" ","882":" ","883":" ","884":" ","885":"c","886":"o","887":"m","888":"p","889":"a","890":"n","891":"y","892":"\\","893":"n","894":" ","895":" ","896":" ","897":" ","898":" ","899":" ","900":" ","901":" ","902":"}","903":"}","904":"<","905":"/","906":"a","907":">","908":"\\","909":"n","910":"\\","911":"n","912":" ","913":" ","914":" ","915":" ","916":" ","917":" ","918":" ","919":" ","920":"<","921":"n","922":"a","923":"v","924":" ","925":"c","926":"l","927":"a","928":"s","929":"s","930":"=","931":"\\","932":"\"","933":"h","934":"-","935":"f","936":"u","937":"l","938":"l","939":" ","940":"m","941":"l","942":"-","943":"1","944":"2","945":"\\","946":"\"","947":">","948":"\\","949":"n","950":" ","951":" ","952":" ","953":" ","954":" ","955":" ","956":" ","957":" ","958":" ","959":" ","960":"<","961":"u","962":"l","963":" ","964":"c","965":"l","966":"a","967":"s","968":"s","969":"=","970":"\\","971":"\"","972":"f","973":"l","974":"e","975":"x","976":" ","977":"h","978":"-","979":"f","980":"u","981":"l","982":"l","983":" ","984":"p","985":"-","986":"0","987":" ","988":"m","989":"-","990":"0","991":" ","992":"l","993":"i","994":"s","995":"t","996":"-","997":"n","998":"o","999":"n","1000":"e","1001":"\\","1002":"\"","1003":">","1004":"\\","1005":"n","1006":" ","1007":" ","1008":" ","1009":" ","1010":" ","1011":" ","1012":" ","1013":" ","1014":" ","1015":" ","1016":" ","1017":" ","1018":"<","1019":"l","1020":"i","1021":"\\","1022":"n","1023":" ","1024":" ","1025":" ","1026":" ","1027":" ","1028":" ","1029":" ","1030":" ","1031":" ","1032":" ","1033":" ","1034":" ","1035":" ","1036":" ","1037":"v","1038":"-","1039":"f","1040":"o","1041":"r","1042":"=","1043":"\\","1044":"\"","1045":"m","1046":"e","1047":"n","1048":"u","1049":"I","1050":"t","1051":"e","1052":"m","1053":" ","1054":"i","1055":"n","1056":" ","1057":"m","1058":"e","1059":"n","1060":"u","1061":"I","1062":"t","1063":"e","1064":"m","1065":"s","1066":"\\","1067":"\"","1068":"\\","1069":"n","1070":" ","1071":" ","1072":" ","1073":" ","1074":" ","1075":" ","1076":" ","1077":" ","1078":" ","1079":" ","1080":" ","1081":" ","1082":" ","1083":" ","1084":":","1085":"k","1086":"e","1087":"y","1088":"=","1089":"\\","1090":"\"","1091":"m","1092":"e","1093":"n","1094":"u","1095":"I","1096":"t","1097":"e","1098":"m","1099":"\\","1100":"\"","1101":"\\","1102":"n","1103":" ","1104":" ","1105":" ","1106":" ","1107":" ","1108":" ","1109":" ","1110":" ","1111":" ","1112":" ","1113":" ","1114":" ","1115":" ","1116":" ","1117":"c","1118":"l","1119":"a","1120":"s","1121":"s","1122":"=","1123":"\\","1124":"\"","1125":"h","1126":"-","1127":"f","1128":"u","1129":"l","1130":"l","1131":" ","1132":"m","1133":"l","1134":"-","1135":"9","1136":" ","1137":"f","1138":"i","1139":"r","1140":"s","1141":"t","1142":":","1143":"m","1144":"l","1145":"-","1146":"0","1147":"\\","1148":"\"","1149":"\\","1150":"n","1151":" ","1152":" ","1153":" ","1154":" ","1155":" ","1156":" ","1157":" ","1158":" ","1159":" ","1160":" ","1161":" ","1162":" ","1163":" ","1164":" ","1165":"d","1166":"a","1167":"t","1168":"a","1169":"-","1170":"t","1171":"e","1172":"s","1173":"t","1174":"=","1175":"\\","1176":"\"","1177":"m","1178":"a","1179":"i","1180":"n","1181":"-","1182":"n","1183":"a","1184":"v","1185":"-","1186":"l","1187":"i","1188":"s","1189":"t","1190":"-","1191":"i","1192":"t","1193":"e","1194":"m","1195":"\\","1196":"\"","1197":"\\","1198":"n","1199":" ","1200":" ","1201":" ","1202":" ","1203":" ","1204":" ","1205":" ","1206":" ","1207":" ","1208":" ","1209":" ","1210":" ","1211":">","1212":"\\","1213":"n","1214":" ","1215":" ","1216":" ","1217":" ","1218":" ","1219":" ","1220":" ","1221":" ","1222":" ","1223":" ","1224":" ","1225":" ","1226":" ","1227":" ","1228":"<","1229":"a","1230":" ","1231":"h","1232":"r","1233":"e","1234":"f","1235":"=","1236":"\\","1237":"\"","1238":"\\","1239":"\"","1240":" ","1241":"c","1242":"l","1243":"a","1244":"s","1245":"s","1246":"=","1247":"\\","1248":"\"","1249":"f","1250":"l","1251":"e","1252":"x","1253":" ","1254":"i","1255":"t","1256":"e","1257":"m","1258":"s","1259":"-","1260":"c","1261":"e","1262":"n","1263":"t","1264":"e","1265":"r","1266":" ","1267":"h","1268":"-","1269":"f","1270":"u","1271":"l","1272":"l","1273":" ","1274":"p","1275":"y","1276":"-","1277":"2","1278":".","1279":"5","1280":"\\","1281":"\"","1282":">","1283":"{","1284":"{","1285":"\\","1286":"n","1287":" ","1288":" ","1289":" ","1290":" ","1291":" ","1292":" ","1293":" ","1294":" ","1295":" ","1296":" ","1297":" ","1298":" ","1299":" ","1300":" ","1301":" ","1302":" ","1303":"m","1304":"e","1305":"n","1306":"u","1307":"I","1308":"t","1309":"e","1310":"m","1311":"\\","1312":"n","1313":" ","1314":" ","1315":" ","1316":" ","1317":" ","1318":" ","1319":" ","1320":" ","1321":" ","1322":" ","1323":" ","1324":" ","1325":" ","1326":" ","1327":"}","1328":"}","1329":"<","1330":"/","1331":"a","1332":">","1333":"\\","1334":"n","1335":" ","1336":" ","1337":" ","1338":" ","1339":" ","1340":" ","1341":" ","1342":" ","1343":" ","1344":" ","1345":" ","1346":" ","1347":"<","1348":"/","1349":"l","1350":"i","1351":">","1352":"\\","1353":"n","1354":" ","1355":" ","1356":" ","1357":" ","1358":" ","1359":" ","1360":" ","1361":" ","1362":" ","1363":" ","1364":"<","1365":"/","1366":"u","1367":"l","1368":">","1369":"\\","1370":"n","1371":" ","1372":" ","1373":" ","1374":" ","1375":" ","1376":" ","1377":" ","1378":" ","1379":"<","1380":"/","1381":"n","1382":"a","1383":"v","1384":">","1385":"\\","1386":"n","1387":" ","1388":" ","1389":" ","1390":" ","1391":" ","1392":" ","1393":" ","1394":" ","1395":"<","1396":"d","1397":"i","1398":"v","1399":" ","1400":"c","1401":"l","1402":"a","1403":"s","1404":"s","1405":"=","1406":"\\","1407":"\"","1408":"f","1409":"l","1410":"e","1411":"x","1412":" ","1413":"i","1414":"t","1415":"e","1416":"m","1417":"s","1418":"-","1419":"c","1420":"e","1421":"n","1422":"t","1423":"e","1424":"r","1425":" ","1426":"h","1427":"-","1428":"f","1429":"u","1430":"l","1431":"l","1432":" ","1433":"m","1434":"l","1435":"-","1436":"a","1437":"u","1438":"t","1439":"o","1440":"\\","1441":"\"","1442":">","1443":"\\","1444":"n","1445":" ","1446":" ","1447":" ","1448":" ","1449":" ","1450":" ","1451":" ","1452":" ","1453":" ","1454":" ","1455":"<","1456":"P","1457":"r","1458":"o","1459":"f","1460":"i","1461":"l","1462":"e","1463":"I","1464":"m","1465":"a","1466":"g","1467":"e","1468":" ","1469":"v","1470":"-","1471":"i","1472":"f","1473":"=","1474":"\\","1475":"\"","1476":"i","1477":"s","1478":"L","1479":"o","1480":"g","1481":"g","1482":"e","1483":"d","1484":"I","1485":"n","1486":"\\","1487":"\"","1488":" ","1489":"d","1490":"a","1491":"t","1492":"a","1493":"-","1494":"t","1495":"e","1496":"s","1497":"t","1498":"=","1499":"\\","1500":"\"","1501":"p","1502":"r","1503":"o","1504":"f","1505":"i","1506":"l","1507":"e","1508":"-","1509":"i","1510":"m","1511":"a","1512":"g","1513":"e","1514":"\\","1515":"\"","1516":" ","1517":"/","1518":">","1519":"\\","1520":"n","1521":" ","1522":" ","1523":" ","1524":" ","1525":" ","1526":" ","1527":" ","1528":" ","1529":" ","1530":" ","1531":"<","1532":"A","1533":"c","1534":"t","1535":"i","1536":"o","1537":"n","1538":"B","1539":"u","1540":"t","1541":"t","1542":"o","1543":"n","1544":" ","1545":"v","1546":"-","1547":"e","1548":"l","1549":"s","1550":"e","1551":" ","1552":"d","1553":"a","1554":"t","1555":"a","1556":"-","1557":"t","1558":"e","1559":"s","1560":"t","1561":"=","1562":"\\","1563":"\"","1564":"l","1565":"o","1566":"g","1567":"i","1568":"n","1569":"-","1570":"b","1571":"u","1572":"t","1573":"t","1574":"o","1575":"n","1576":"\\","1577":"\"","1578":" ","1579":"/","1580":">","1581":"\\","1582":"n","1583":" ","1584":" ","1585":" ","1586":" ","1587":" ","1588":" ","1589":" ","1590":" ","1591":"<","1592":"/","1593":"d","1594":"i","1595":"v","1596":">","1597":"\\","1598":"n","1599":" ","1600":" ","1601":" ","1602":" ","1603":" ","1604":" ","1605":"<","1606":"/","1607":"d","1608":"i","1609":"v","1610":">","1611":"\\","1612":"n","1613":" ","1614":" ","1615":" ","1616":" ","1617":"<","1618":"/","1619":"d","1620":"i","1621":"v","1622":">","1623":"\\","1624":"n","1625":" ","1626":" ","1627":"<","1628":"/","1629":"h","1630":"e","1631":"a","1632":"d","1633":"e","1634":"r","1635":">","1636":"\\","1637":"n","1638":"<","1639":"/","1640":"t","1641":"e","1642":"m","1643":"p","1644":"l","1645":"a","1646":"t","1647":"e","1648":">","1649":"\\","1650":"n","1651":"\\","1652":"n","1653":"<","1654":"s","1655":"c","1656":"r","1657":"i","1658":"p","1659":"t","1660":">","1661":"\\","1662":"n","1663":"i","1664":"m","1665":"p","1666":"o","1667":"r","1668":"t","1669":" ","1670":"A","1671":"c","1672":"t","1673":"i","1674":"o","1675":"n","1676":"B","1677":"u","1678":"t","1679":"t","1680":"o","1681":"n","1682":" ","1683":"f","1684":"r","1685":"o","1686":"m","1687":" ","1688":"\\","1689":"\"","1690":"@","1691":"/","1692":"c","1693":"o","1694":"m","1695":"p","1696":"o","1697":"n","1698":"e","1699":"n","1700":"t","1701":"s","1702":"/","1703":"A","1704":"c","1705":"t","1706":"i","1707":"o","1708":"n","1709":"B","1710":"u","1711":"t","1712":"t","1713":"o","1714":"n","1715":".","1716":"v","1717":"u","1718":"e","1719":"\\","1720":"\"","1721":";","1722":"\\","1723":"n","1724":"i","1725":"m","1726":"p","1727":"o","1728":"r","1729":"t","1730":" ","1731":"P","1732":"r","1733":"o","1734":"f","1735":"i","1736":"l","1737":"e","1738":"I","1739":"m","1740":"a","1741":"g","1742":"e","1743":" ","1744":"f","1745":"r","1746":"o","1747":"m","1748":" ","1749":"\\","1750":"\"","1751":"@","1752":"/","1753":"c","1754":"o","1755":"m","1756":"p","1757":"o","1758":"n","1759":"e","1760":"n","1761":"t","1762":"s","1763":"/","1764":"P","1765":"r","1766":"o","1767":"f","1768":"i","1769":"l","1770":"e","1771":"I","1772":"m","1773":"a","1774":"g","1775":"e","1776":".","1777":"v","1778":"u","1779":"e","1780":"\\","1781":"\"","1782":";","1783":"\\","1784":"n","1785":"\\","1786":"n","1787":"e","1788":"x","1789":"p","1790":"o","1791":"r","1792":"t","1793":" ","1794":"d","1795":"e","1796":"f","1797":"a","1798":"u","1799":"l","1800":"t","1801":" ","1802":"{","1803":"\\","1804":"n","1805":" ","1806":" ","1807":"n","1808":"a","1809":"m","1810":"e","1811":":","1812":" ","1813":"\\","1814":"\"","1815":"M","1816":"a","1817":"i","1818":"n","1819":"N","1820":"a","1821":"v","1822":"\\","1823":"\"","1824":",","1825":"\\","1826":"n","1827":" ","1828":" ","1829":"c","1830":"o","1831":"m","1832":"p","1833":"o","1834":"n","1835":"e","1836":"n","1837":"t","1838":"s","1839":":","1840":" ","1841":"{","1842":"\\","1843":"n","1844":" ","1845":" ","1846":" ","1847":" ","1848":"A","1849":"c","1850":"t","1851":"i","1852":"o","1853":"n","1854":"B","1855":"u","1856":"t","1857":"t","1858":"o","1859":"n","1860":",","1861":"\\","1862":"n","1863":" ","1864":" ","1865":" ","1866":" ","1867":"P","1868":"r","1869":"o","1870":"f","1871":"i","1872":"l","1873":"e","1874":"I","1875":"m","1876":"a","1877":"g","1878":"e","1879":",","1880":"\\","1881":"n","1882":" ","1883":" ","1884":"}","1885":",","1886":"\\","1887":"n","1888":" ","1889":" ","1890":"d","1891":"a","1892":"t","1893":"a","1894":"(","1895":")","1896":" ","1897":"{","1898":"\\","1899":"n","1900":" ","1901":" ","1902":" ","1903":" ","1904":"r","1905":"e","1906":"t","1907":"u","1908":"r","1909":"n","1910":" ","1911":"{","1912":"\\","1913":"n","1914":" ","1915":" ","1916":" ","1917":" ","1918":" ","1919":" ","1920":"c","1921":"o","1922":"m","1923":"p","1924":"a","1925":"n","1926":"y","1927":":","1928":" ","1929":"\\","1930":"\"","1931":"B","1932":"o","1933":"b","1934":"o","1935":" ","1936":"C","1937":"a","1938":"r","1939":"e","1940":"e","1941":"r","1942":"s","1943":"\\","1944":"\"","1945":",","1946":"\\","1947":"n","1948":" ","1949":" ","1950":" ","1951":" ","1952":" ","1953":" ","1954":"u","1955":"r","1956":"l","1957":":","1958":" ","1959":"\\","1960":"\"","1961":"h","1962":"t","1963":"t","1964":"p","1965":"s","1966":":","1967":"/","1968":"/","1969":"c","1970":"a","1971":"r","1972":"e","1973":"e","1974":"r","1975":"s","1976":".","1977":"g","1978":"o","1979":"o","1980":"g","1981":"l","1982":"e","1983":".","1984":"c","1985":"o","1986":"m","1987":"\\","1988":"\"","1989":",","1990":"\\","1991":"n","1992":" ","1993":" ","1994":" ","1995":" ","1996":" ","1997":" ","1998":"m","1999":"e","2000":"n","2001":"u","2002":"I","2003":"t","2004":"e","2005":"m","2006":"s","2007":":","2008":" ","2009":"[","2010":"\\","2011":"n","2012":" ","2013":" ","2014":" ","2015":" ","2016":" ","2017":" ","2018":" ","2019":" ","2020":"\\","2021":"\"","2022":"T","2023":"e","2024":"a","2025":"m","2026":"s","2027":"\\","2028":"\"","2029":",","2030":"\\","2031":"n","2032":" ","2033":" ","2034":" ","2035":" ","2036":" ","2037":" ","2038":" ","2039":" ","2040":"\\","2041":"\"","2042":"L","2043":"o","2044":"c","2045":"a","2046":"t","2047":"i","2048":"o","2049":"n","2050":"s","2051":"\\","2052":"\"","2053":",","2054":"\\","2055":"n","2056":" ","2057":" ","2058":" ","2059":" ","2060":" ","2061":" ","2062":" ","2063":" ","2064":"\\","2065":"\"","2066":"L","2067":"i","2068":"f","2069":"e","2070":" ","2071":"a","2072":"t","2073":" ","2074":"B","2075":"o","2076":"b","2077":"o","2078":"\\","2079":"\"","2080":",","2081":"\\","2082":"n","2083":" ","2084":" ","2085":" ","2086":" ","2087":" ","2088":" ","2089":" ","2090":" ","2091":"\\","2092":"\"","2093":"H","2094":"o","2095":"w","2096":" ","2097":"w","2098":"e","2099":" ","2100":"h","2101":"i","2102":"r","2103":"e","2104":"\\","2105":"\"","2106":",","2107":"\\","2108":"n","2109":" ","2110":" ","2111":" ","2112":" ","2113":" ","2114":" ","2115":" ","2116":" ","2117":"\\","2118":"\"","2119":"S","2120":"t","2121":"u","2122":"d","2123":"e","2124":"n","2125":"t","2126":"s","2127":"\\","2128":"\"","2129":",","2130":"\\","2131":"n","2132":" ","2133":" ","2134":" ","2135":" ","2136":" ","2137":" ","2138":" ","2139":" ","2140":"\\","2141":"\"","2142":"J","2143":"o","2144":"b","2145":"s","2146":"\\","2147":"\"","2148":",","2149":"\\","2150":"n","2151":" ","2152":" ","2153":" ","2154":" ","2155":" ","2156":" ","2157":"]","2158":",","2159":"\\","2160":"n","2161":" ","2162":" ","2163":" ","2164":" ","2165":" ","2166":" ","2167":"i","2168":"s","2169":"L","2170":"o","2171":"g","2172":"g","2173":"e","2174":"d","2175":"I","2176":"n","2177":":","2178":" ","2179":"f","2180":"a","2181":"l","2182":"s","2183":"e","2184":",","2185":"\\","2186":"n","2187":" ","2188":" ","2189":" ","2190":" ","2191":"}","2192":";","2193":"\\","2194":"n","2195":" ","2196":" ","2197":"}","2198":",","2199":"\\","2200":"n","2201":"}","2202":";","2203":"\\","2204":"n","2205":"<","2206":"/","2207":"s","2208":"c","2209":"r","2210":"i","2211":"p","2212":"t","2213":">","2214":"\\","2215":"n","2216":"\"","2217":"]","2218":"}"},"_coverageSchema":"1a1c01bbd47fc00a2c39e90264f33305004495a9","hash":"c549064c79e51de7a1c45c8042fa9568d095e1ff"}
,"/Users/peter/Projects/tuts/job-search/src/components/ProfileImage.vue": {"path":"/Users/peter/Projects/tuts/job-search/src/components/ProfileImage.vue","statementMap":{"0":{"start":{"line":4,"column":0},"end":{"line":6,"column":3}},"1":{"start":{"line":7,"column":0},"end":{"line":7,"column":25}},"2":{"start":{"line":8,"column":15},"end":{"line":15,"column":1}},"3":{"start":{"line":11,"column":4},"end":{"line":13,"column":6}},"4":{"start":{"line":18,"column":0},"end":{"line":18,"column":13}},"5":{"start":{"line":20,"column":0},"end":{"line":22,"column":3}},"6":{"start":{"line":23,"column":0},"end":{"line":23,"column":24}},"7":{"start":{"line":24,"column":11},"end":{"line":24,"column":25}},"8":{"start":{"line":25,"column":19},"end":{"line":25,"column":26}},"9":{"start":{"line":27,"column":2},"end":{"line":30,"column":38}},"10":{"start":{"line":31,"column":2},"end":{"line":31,"column":49}}},"fnMap":{"0":{"name":"(anonymous_0)","decl":{"start":{"line":10,"column":2},"end":{"line":10,"column":3}},"loc":{"start":{"line":10,"column":9},"end":{"line":14,"column":3}},"line":10},"1":{"name":"render","decl":{"start":{"line":26,"column":9},"end":{"line":26,"column":15}},"loc":{"start":{"line":26,"column":30},"end":{"line":31,"column":1}},"line":26}},"branchMap":{},"s":{"0":1,"1":1,"2":1,"3":1,"4":1,"5":1,"6":1,"7":1,"8":1,"9":1,"10":1},"f":{"0":1,"1":1},"b":{},"inputSourceMap":{"0":"{","1":"\"","2":"v","3":"e","4":"r","5":"s","6":"i","7":"o","8":"n","9":"\"","10":":","11":"3","12":",","13":"\"","14":"s","15":"o","16":"u","17":"r","18":"c","19":"e","20":"s","21":"\"","22":":","23":"[","24":"\"","25":"/","26":"U","27":"s","28":"e","29":"r","30":"s","31":"/","32":"p","33":"e","34":"t","35":"e","36":"r","37":"/","38":"P","39":"r","40":"o","41":"j","42":"e","43":"c","44":"t","45":"s","46":"/","47":"t","48":"u","49":"t","50":"s","51":"/","52":"j","53":"o","54":"b","55":"-","56":"s","57":"e","58":"a","59":"r","60":"c","61":"h","62":"/","63":"s","64":"r","65":"c","66":"/","67":"c","68":"o","69":"m","70":"p","71":"o","72":"n","73":"e","74":"n","75":"t","76":"s","77":"/","78":"P","79":"r","80":"o","81":"f","82":"i","83":"l","84":"e","85":"I","86":"m","87":"a","88":"g","89":"e","90":".","91":"v","92":"u","93":"e","94":"\"","95":"]","96":",","97":"\"","98":"n","99":"a","100":"m","101":"e","102":"s","103":"\"","104":":","105":"[","106":"]","107":",","108":"\"","109":"m","110":"a","111":"p","112":"p","113":"i","114":"n","115":"g","116":"s","117":"\"","118":":","119":"\"","120":";","121":";","122":";","123":";","124":";","125":";","126":";","127":"e","128":"A","129":"K","130":"e","131":";","132":"E","133":"A","134":"C","135":"b","136":",","137":"I","138":"A","139":"A","140":"I","141":",","142":"E","143":"A","144":"A","145":"E","146":",","147":"c","148":"A","149":"A","150":"c","151":";","152":"E","153":"A","154":"C","155":"p","156":"B","157":",","158":"I","159":"A","160":"A","161":"I","162":",","163":"G","164":"A","165":"A","166":"G","167":";","168":"I","169":"A","170":"C","171":"L","172":",","173":"O","174":"A","175":"A","176":"O","177":";","178":"M","179":"A","180":"C","181":"L","182":",","183":"S","184":"A","185":"A","186":"S","187":",","188":"E","189":"A","190":"C","191":"P","192":";","193":"I","194":"A","195":"C","196":"J","197":",","198":"C","199":"A","200":"A","201":"C","202":";","203":"E","204":"A","205":"C","206":"H","207":";","208":"A","209":"A","210":"C","211":"F","212":",","213":"C","214":"A","215":"A","216":"C","217":";","218":"A","219":"A","220":"A","221":"A","222":";","223":"A","224":"A","225":"A","226":"A","227":"\"","228":",","229":"\"","230":"f","231":"i","232":"l","233":"e","234":"\"","235":":","236":"\"","237":"/","238":"U","239":"s","240":"e","241":"r","242":"s","243":"/","244":"p","245":"e","246":"t","247":"e","248":"r","249":"/","250":"P","251":"r","252":"o","253":"j","254":"e","255":"c","256":"t","257":"s","258":"/","259":"t","260":"u","261":"t","262":"s","263":"/","264":"j","265":"o","266":"b","267":"-","268":"s","269":"e","270":"a","271":"r","272":"c","273":"h","274":"/","275":"s","276":"r","277":"c","278":"/","279":"c","280":"o","281":"m","282":"p","283":"o","284":"n","285":"e","286":"n","287":"t","288":"s","289":"/","290":"P","291":"r","292":"o","293":"f","294":"i","295":"l","296":"e","297":"I","298":"m","299":"a","300":"g","301":"e","302":".","303":"v","304":"u","305":"e","306":"\"","307":",","308":"\"","309":"s","310":"o","311":"u","312":"r","313":"c","314":"e","315":"s","316":"C","317":"o","318":"n","319":"t","320":"e","321":"n","322":"t","323":"\"","324":":","325":"[","326":"\"","327":"<","328":"t","329":"e","330":"m","331":"p","332":"l","333":"a","334":"t","335":"e","336":">","337":"\\","338":"n","339":" ","340":" ","341":"<","342":"i","343":"m","344":"g","345":" ","346":":","347":"s","348":"r","349":"c","350":"=","351":"\\","352":"\"","353":"i","354":"m","355":"a","356":"g","357":"e","358":"L","359":"i","360":"n","361":"k","362":"\\","363":"\"","364":" ","365":"c","366":"l","367":"a","368":"s","369":"s","370":"=","371":"\\","372":"\"","373":"o","374":"b","375":"j","376":"e","377":"c","378":"t","379":"-","380":"c","381":"o","382":"n","383":"t","384":"a","385":"i","386":"n","387":" ","388":"w","389":"-","390":"8","391":" ","392":"h","393":"-","394":"8","395":" ","396":"r","397":"o","398":"u","399":"n","400":"d","401":"e","402":"d","403":"-","404":"3","405":"x","406":"l","407":"\\","408":"\"","409":" ","410":"/","411":">","412":"\\","413":"n","414":"<","415":"/","416":"t","417":"e","418":"m","419":"p","420":"l","421":"a","422":"t","423":"e","424":">","425":"\\","426":"n","427":"\\","428":"n","429":"<","430":"s","431":"c","432":"r","433":"i","434":"p","435":"t","436":">","437":"\\","438":"n","439":"e","440":"x","441":"p","442":"o","443":"r","444":"t","445":" ","446":"d","447":"e","448":"f","449":"a","450":"u","451":"l","452":"t","453":" ","454":"{","455":"\\","456":"n","457":" ","458":" ","459":"n","460":"a","461":"m","462":"e","463":":","464":" ","465":"\\","466":"\"","467":"P","468":"r","469":"o","470":"f","471":"i","472":"l","473":"e","474":"I","475":"m","476":"a","477":"g","478":"e","479":"\\","480":"\"","481":",","482":"\\","483":"n","484":" ","485":" ","486":"d","487":"a","488":"t","489":"a","490":"(","491":")","492":" ","493":"{","494":"\\","495":"n","496":" ","497":" ","498":" ","499":" ","500":"r","501":"e","502":"t","503":"u","504":"r","505":"n","506":" ","507":"{","508":"\\","509":"n","510":" ","511":" ","512":" ","513":" ","514":" ","515":" ","516":"i","517":"m","518":"a","519":"g","520":"e","521":"L","522":"i","523":"n","524":"k","525":":","526":"\\","527":"n","528":" ","529":" ","530":" ","531":" ","532":" ","533":" ","534":" ","535":" ","536":"\\","537":"\"","538":"h","539":"t","540":"t","541":"p","542":"s","543":":","544":"/","545":"/","546":"w","547":"w","548":"w","549":".","550":"p","551":"n","552":"g","553":"i","554":"t","555":"e","556":"m","557":".","558":"c","559":"o","560":"m","561":"/","562":"p","563":"i","564":"m","565":"g","566":"s","567":"/","568":"m","569":"/","570":"4","571":"8","572":"7","573":"-","574":"4","575":"8","576":"7","577":"6","578":"4","579":"1","580":"7","581":"_","582":"l","583":"i","584":"n","585":"k","586":"-","587":"h","588":"e","589":"a","590":"d","591":"-","592":"p","593":"n","594":"g","595":"-","596":"t","597":"o","598":"o","599":"n","600":"-","601":"l","602":"i","603":"n","604":"k","605":"-","606":"f","607":"a","608":"c","609":"e","610":"-","611":"p","612":"n","613":"g","614":"-","615":"t","616":"r","617":"a","618":"n","619":"s","620":"p","621":"a","622":"r","623":"e","624":"n","625":"t","626":".","627":"p","628":"n","629":"g","630":"\\","631":"\"","632":",","633":"\\","634":"n","635":" ","636":" ","637":" ","638":" ","639":"}","640":";","641":"\\","642":"n","643":" ","644":" ","645":"}","646":",","647":"\\","648":"n","649":"}","650":";","651":"\\","652":"n","653":"<","654":"/","655":"s","656":"c","657":"r","658":"i","659":"p","660":"t","661":">","662":"\\","663":"n","664":"\"","665":"]","666":"}"},"_coverageSchema":"1a1c01bbd47fc00a2c39e90264f33305004495a9","hash":"2ba6e4e470c70541bea8d36bf58edc0466ee864d"}
}
